C:\Program Files\MySQL\MySQL Server 8.0\bin\mysqld.exe, Version: 8.0.45 (MySQL Community Server - GPL). started with:
TCP Port: 3307, Named Pipe: MySQL
Time                 Id Command    Argument
2026-04-01T00:59:27.204837Z	   12 Query	SHOW VARIABLES LIKE 'general_log_file'
2026-04-01T00:59:27.213351Z	   11 Query	SELECT st.* FROM performance_schema.events_statements_current st JOIN performance_schema.threads thr ON thr.thread_id = st.thread_id WHERE thr.processlist_id = 12
2026-04-01T00:59:27.216532Z	   11 Query	SELECT st.* FROM performance_schema.events_stages_history_long st WHERE st.nesting_event_id = 30
2026-04-01T00:59:27.217302Z	   11 Query	SELECT st.* FROM performance_schema.events_waits_history_long st WHERE st.nesting_event_id = 30
2026-04-01T01:00:22.783442Z	   12 Query	select * FROM sql_invoicing.clients
LIMIT 0, 1000
2026-04-01T01:00:36.166932Z	   12 Query	CREATE DATABASE `sql_invoicing`
2026-04-01T01:00:38.099636Z	   12 Query	USE `sql_invoicing`
2026-04-01T01:00:38.102124Z	   12 Query	SELECT DATABASE()
2026-04-01T01:00:39.900484Z	   12 Query	SET NAMES utf8
2026-04-01T01:00:39.900634Z	   12 Query	SHOW WARNINGS
2026-04-01T01:00:41.548759Z	   12 Query	SET character_set_client = utf8mb4
2026-04-01T01:00:43.413902Z	   12 Query	CREATE TABLE `payment_methods` (
  `payment_method_id` tinyint(4) NOT NULL AUTO_INCREMENT,
  `name` varchar(50) NOT NULL,
  PRIMARY KEY (`payment_method_id`)
) ENGINE=InnoDB AUTO_INCREMENT=5 DEFAULT CHARSET=utf8mb4
2026-04-01T01:00:43.426850Z	   12 Query	SHOW WARNINGS
2026-04-01T01:00:46.160291Z	   12 Query	INSERT INTO `payment_methods` VALUES (1,'Credit Card')
2026-04-01T01:00:48.345800Z	   12 Query	INSERT INTO `payment_methods` VALUES (2,'Cash')
2026-04-01T01:00:50.476804Z	   12 Query	INSERT INTO `payment_methods` VALUES (3,'PayPal')
2026-04-01T01:00:52.820166Z	   12 Query	INSERT INTO `payment_methods` VALUES (4,'Wire Transfer')
2026-04-01T01:00:55.717185Z	   12 Query	CREATE TABLE `clients` (
  `client_id` int(11) NOT NULL,
  `name` varchar(50) NOT NULL,
  `address` varchar(50) NOT NULL,
  `city` varchar(50) NOT NULL,
  `state` char(2) NOT NULL,
  `phone` varchar(50) DEFAULT NULL,
  PRIMARY KEY (`client_id`)
) ENGINE=InnoDB DEFAULT CHARSET=utf8mb4
2026-04-01T01:00:55.729517Z	   12 Query	SHOW WARNINGS
2026-04-01T01:00:59.116330Z	   12 Query	INSERT INTO `clients` VALUES (1,'Vinte','3 Nevada Parkway','Syracuse','NY','315-252-7305')
2026-04-01T01:01:00.949104Z	   12 Query	INSERT INTO `clients` VALUES (2,'Myworks','34267 Glendale Parkway','Huntington','WV','304-659-1170')
2026-04-01T01:01:02.933384Z	   12 Query	INSERT INTO `clients` VALUES (3,'Yadel','096 Pawling Parkway','San Francisco','CA','415-144-6037')
2026-04-01T01:01:04.844691Z	   12 Query	INSERT INTO `clients` VALUES (4,'Kwideo','81674 Westerfield Circle','Waco','TX','254-750-0784')
2026-04-01T01:01:06.509121Z	   12 Query	INSERT INTO `clients` VALUES (5,'Topiclounge','0863 Farmco Road','Portland','OR','971-888-9129')
2026-04-01T01:01:09.204624Z	   12 Query	CREATE TABLE `invoices` (
  `invoice_id` int(11) NOT NULL,
  `number` varchar(50) NOT NULL,
  `client_id` int(11) NOT NULL,
  `invoice_total` decimal(9,2) NOT NULL,
  `payment_total` decimal(9,2) NOT NULL DEFAULT '0.00',
  `invoice_date` date NOT NULL,
  `due_date` date NOT NULL,
  `payment_date` date DEFAULT NULL,
  PRIMARY KEY (`invoice_id`),
  KEY `FK_client_id` (`client_id`),
  CONSTRAINT `FK_client_id` FOREIGN KEY (`client_id`) REFERENCES `clients` (`client_id`) ON DELETE RESTRICT ON UPDATE CASCADE
) ENGINE=InnoDB DEFAULT CHARSET=utf8mb4
2026-04-01T01:01:09.224492Z	   12 Query	SHOW WARNINGS
2026-04-01T01:01:12.277070Z	   12 Query	INSERT INTO `invoices` VALUES (1,'91-953-3396',2,101.79,0.00,'2019-03-09','2019-03-29',NULL)
2026-04-01T01:01:14.115930Z	   12 Query	INSERT INTO `invoices` VALUES (2,'03-898-6735',5,175.32,8.18,'2019-06-11','2019-07-01','2019-02-12')
2026-04-01T01:01:16.941553Z	   12 Query	INSERT INTO `invoices` VALUES (3,'20-228-0335',5,147.99,0.00,'2019-07-31','2019-08-20',NULL)
2026-04-01T01:01:19.309292Z	   12 Query	INSERT INTO `invoices` VALUES (4,'56-934-0748',3,152.21,0.00,'2019-03-08','2019-03-28',NULL)
2026-04-01T01:01:22.469119Z	   12 Query	INSERT INTO `invoices` VALUES (5,'87-052-3121',5,169.36,0.00,'2019-07-18','2019-08-07',NULL)
2026-04-01T01:01:25.405139Z	   12 Query	INSERT INTO `invoices` VALUES (6,'75-587-6626',1,157.78,74.55,'2019-01-29','2019-02-18','2019-01-03')
2026-04-01T01:01:28.380412Z	   12 Query	INSERT INTO `invoices` VALUES (7,'68-093-9863',3,133.87,0.00,'2019-09-04','2019-09-24',NULL)
2026-04-01T01:01:31.876531Z	   12 Query	INSERT INTO `invoices` VALUES (8,'78-145-1093',1,189.12,0.00,'2019-05-20','2019-06-09',NULL)
2026-04-01T01:01:36.444766Z	   12 Query	INSERT INTO `invoices` VALUES (9,'77-593-0081',5,172.17,0.00,'2019-07-09','2019-07-29',NULL)
2026-04-01T01:01:38.197612Z	   12 Query	INSERT INTO `invoices` VALUES (10,'48-266-1517',1,159.50,0.00,'2019-06-30','2019-07-20',NULL)
2026-04-01T01:01:40.844096Z	   12 Query	INSERT INTO `invoices` VALUES (11,'20-848-0181',3,126.15,0.03,'2019-01-07','2019-01-27','2019-01-11')
2026-04-01T01:01:44.204346Z	   12 Query	INSERT INTO `invoices` VALUES (13,'41-666-1035',5,135.01,87.44,'2019-06-25','2019-07-15','2019-01-26')
2026-04-01T01:01:47.164344Z	   12 Query	INSERT INTO `invoices` VALUES (15,'55-105-9605',3,167.29,80.31,'2019-11-25','2019-12-15','2019-01-15')
2026-04-01T01:01:49.804693Z	   12 Query	INSERT INTO `invoices` VALUES (16,'10-451-8824',1,162.02,0.00,'2019-03-30','2019-04-19',NULL)
2026-04-01T01:01:52.036868Z	   12 Query	INSERT INTO `invoices` VALUES (17,'33-615-4694',3,126.38,68.10,'2019-07-30','2019-08-19','2019-01-15')
2026-04-01T01:01:55.757241Z	   12 Query	INSERT INTO `invoices` VALUES (18,'52-269-9803',5,180.17,42.77,'2019-05-23','2019-06-12','2019-01-08')
2026-04-01T01:01:58.616826Z	   12 Query	INSERT INTO `invoices` VALUES (19,'83-559-4105',1,134.47,0.00,'2019-11-23','2019-12-13',NULL)
2026-04-01T01:02:08.606202Z	   12 Query	CREATE TABLE `payments` (
  `payment_id` int(11) NOT NULL AUTO_INCREMENT,
  `client_id` int(11) NOT NULL,
  `invoice_id` int(11) NOT NULL,
  `date` date NOT NULL,
  `amount` decimal(9,2) NOT NULL,
  `payment_method` tinyint(4) NOT NULL,
  PRIMARY KEY (`payment_id`),
  KEY `fk_client_id_idx` (`client_id`),
  KEY `fk_invoice_id_idx` (`invoice_id`),
  KEY `fk_payment_payment_method_idx` (`payment_method`),
  CONSTRAINT `fk_payment_client` FOREIGN KEY (`client_id`) REFERENCES `clients` (`client_id`) ON UPDATE CASCADE,
  CONSTRAINT `fk_payment_invoice` FOREIGN KEY (`invoice_id`) REFERENCES `invoices` (`invoice_id`) ON UPDATE CASCADE,
  CONSTRAINT `fk_payment_payment_method` FOREIGN KEY (`payment_method`) REFERENCES `payment_methods` (`payment_method_id`)
) ENGINE=InnoDB AUTO_INCREMENT=9 DEFAULT CHARSET=utf8mb4
2026-04-01T01:02:08.649174Z	   12 Query	SHOW WARNINGS
2026-04-01T01:02:13.947839Z	   12 Query	INSERT INTO `payments` VALUES (1,5,2,'2019-02-12',8.18,1)
2026-04-01T01:02:15.932680Z	   12 Query	INSERT INTO `payments` VALUES (2,1,6,'2019-01-03',74.55,1)
2026-04-01T01:02:18.100759Z	   12 Query	INSERT INTO `payments` VALUES (3,3,11,'2019-01-11',0.03,1)
2026-04-01T01:02:25.668079Z	   12 Query	INSERT INTO `payments` VALUES (4,5,13,'2019-01-26',87.44,1)
2026-04-01T01:02:28.897180Z	   12 Query	INSERT INTO `payments` VALUES (5,3,15,'2019-01-15',80.31,1)
2026-04-01T01:02:31.116582Z	   12 Query	INSERT INTO `payments` VALUES (6,3,17,'2019-01-15',68.10,1)
2026-04-01T01:02:34.997083Z	   12 Query	INSERT INTO `payments` VALUES (7,5,18,'2019-01-08',32.77,1)
2026-04-01T01:02:38.228772Z	   12 Query	INSERT INTO `payments` VALUES (8,5,18,'2019-01-08',10.00,2)
2026-04-01T01:02:56.461299Z	   12 Query	DROP DATABASE IF EXISTS `sql_invoicing`
2026-04-01T01:02:56.497102Z	   12 Query	CREATE DATABASE `sql_invoicing`
2026-04-01T01:02:56.498826Z	   12 Query	USE `sql_invoicing`
2026-04-01T01:02:56.498932Z	   12 Query	SELECT DATABASE()
2026-04-01T01:02:56.499329Z	   12 Query	SET NAMES utf8
2026-04-01T01:02:56.499372Z	   12 Query	SHOW WARNINGS
2026-04-01T01:02:56.499762Z	   12 Query	SET character_set_client = utf8mb4
2026-04-01T01:02:56.500096Z	   12 Query	CREATE TABLE `payment_methods` (
  `payment_method_id` tinyint(4) NOT NULL AUTO_INCREMENT,
  `name` varchar(50) NOT NULL,
  PRIMARY KEY (`payment_method_id`)
) ENGINE=InnoDB AUTO_INCREMENT=5 DEFAULT CHARSET=utf8mb4
2026-04-01T01:02:56.513389Z	   12 Query	SHOW WARNINGS
2026-04-01T01:02:56.514008Z	   12 Query	INSERT INTO `payment_methods` VALUES (1,'Credit Card')
2026-04-01T01:02:56.515754Z	   12 Query	INSERT INTO `payment_methods` VALUES (2,'Cash')
2026-04-01T01:02:56.517276Z	   12 Query	INSERT INTO `payment_methods` VALUES (3,'PayPal')
2026-04-01T01:02:56.518836Z	   12 Query	INSERT INTO `payment_methods` VALUES (4,'Wire Transfer')
2026-04-01T01:02:56.522053Z	   12 Query	CREATE TABLE `clients` (
  `client_id` int(11) NOT NULL,
  `name` varchar(50) NOT NULL,
  `address` varchar(50) NOT NULL,
  `city` varchar(50) NOT NULL,
  `state` char(2) NOT NULL,
  `phone` varchar(50) DEFAULT NULL,
  PRIMARY KEY (`client_id`)
) ENGINE=InnoDB DEFAULT CHARSET=utf8mb4
2026-04-01T01:02:56.539289Z	   12 Query	SHOW WARNINGS
2026-04-01T01:02:56.539934Z	   12 Query	INSERT INTO `clients` VALUES (1,'Vinte','3 Nevada Parkway','Syracuse','NY','315-252-7305')
2026-04-01T01:02:56.541556Z	   12 Query	INSERT INTO `clients` VALUES (2,'Myworks','34267 Glendale Parkway','Huntington','WV','304-659-1170')
2026-04-01T01:02:56.542676Z	   12 Query	INSERT INTO `clients` VALUES (3,'Yadel','096 Pawling Parkway','San Francisco','CA','415-144-6037')
2026-04-01T01:02:56.543856Z	   12 Query	INSERT INTO `clients` VALUES (4,'Kwideo','81674 Westerfield Circle','Waco','TX','254-750-0784')
2026-04-01T01:02:56.547470Z	   12 Query	INSERT INTO `clients` VALUES (5,'Topiclounge','0863 Farmco Road','Portland','OR','971-888-9129')
2026-04-01T01:02:56.548784Z	   12 Query	CREATE TABLE `invoices` (
  `invoice_id` int(11) NOT NULL,
  `number` varchar(50) NOT NULL,
  `client_id` int(11) NOT NULL,
  `invoice_total` decimal(9,2) NOT NULL,
  `payment_total` decimal(9,2) NOT NULL DEFAULT '0.00',
  `invoice_date` date NOT NULL,
  `due_date` date NOT NULL,
  `payment_date` date DEFAULT NULL,
  PRIMARY KEY (`invoice_id`),
  KEY `FK_client_id` (`client_id`),
  CONSTRAINT `FK_client_id` FOREIGN KEY (`client_id`) REFERENCES `clients` (`client_id`) ON DELETE RESTRICT ON UPDATE CASCADE
) ENGINE=InnoDB DEFAULT CHARSET=utf8mb4
2026-04-01T01:02:56.563592Z	   12 Query	SHOW WARNINGS
2026-04-01T01:02:56.564239Z	   12 Query	INSERT INTO `invoices` VALUES (1,'91-953-3396',2,101.79,0.00,'2019-03-09','2019-03-29',NULL)
2026-04-01T01:02:56.565769Z	   12 Query	INSERT INTO `invoices` VALUES (2,'03-898-6735',5,175.32,8.18,'2019-06-11','2019-07-01','2019-02-12')
2026-04-01T01:02:56.567353Z	   12 Query	INSERT INTO `invoices` VALUES (3,'20-228-0335',5,147.99,0.00,'2019-07-31','2019-08-20',NULL)
2026-04-01T01:02:56.568576Z	   12 Query	INSERT INTO `invoices` VALUES (4,'56-934-0748',3,152.21,0.00,'2019-03-08','2019-03-28',NULL)
2026-04-01T01:02:56.569841Z	   12 Query	INSERT INTO `invoices` VALUES (5,'87-052-3121',5,169.36,0.00,'2019-07-18','2019-08-07',NULL)
2026-04-01T01:02:56.571097Z	   12 Query	INSERT INTO `invoices` VALUES (6,'75-587-6626',1,157.78,74.55,'2019-01-29','2019-02-18','2019-01-03')
2026-04-01T01:02:56.572367Z	   12 Query	INSERT INTO `invoices` VALUES (7,'68-093-9863',3,133.87,0.00,'2019-09-04','2019-09-24',NULL)
2026-04-01T01:02:56.573514Z	   12 Query	INSERT INTO `invoices` VALUES (8,'78-145-1093',1,189.12,0.00,'2019-05-20','2019-06-09',NULL)
2026-04-01T01:02:56.574623Z	   12 Query	INSERT INTO `invoices` VALUES (9,'77-593-0081',5,172.17,0.00,'2019-07-09','2019-07-29',NULL)
2026-04-01T01:02:56.575609Z	   12 Query	INSERT INTO `invoices` VALUES (10,'48-266-1517',1,159.50,0.00,'2019-06-30','2019-07-20',NULL)
2026-04-01T01:02:56.576735Z	   12 Query	INSERT INTO `invoices` VALUES (11,'20-848-0181',3,126.15,0.03,'2019-01-07','2019-01-27','2019-01-11')
2026-04-01T01:02:56.578113Z	   12 Query	INSERT INTO `invoices` VALUES (13,'41-666-1035',5,135.01,87.44,'2019-06-25','2019-07-15','2019-01-26')
2026-04-01T01:02:56.580294Z	   12 Query	INSERT INTO `invoices` VALUES (15,'55-105-9605',3,167.29,80.31,'2019-11-25','2019-12-15','2019-01-15')
2026-04-01T01:02:56.581312Z	   12 Query	INSERT INTO `invoices` VALUES (16,'10-451-8824',1,162.02,0.00,'2019-03-30','2019-04-19',NULL)
2026-04-01T01:02:56.582276Z	   12 Query	INSERT INTO `invoices` VALUES (17,'33-615-4694',3,126.38,68.10,'2019-07-30','2019-08-19','2019-01-15')
2026-04-01T01:02:56.583418Z	   12 Query	INSERT INTO `invoices` VALUES (18,'52-269-9803',5,180.17,42.77,'2019-05-23','2019-06-12','2019-01-08')
2026-04-01T01:02:56.584411Z	   12 Query	INSERT INTO `invoices` VALUES (19,'83-559-4105',1,134.47,0.00,'2019-11-23','2019-12-13',NULL)
2026-04-01T01:02:56.585683Z	   12 Query	CREATE TABLE `payments` (
  `payment_id` int(11) NOT NULL AUTO_INCREMENT,
  `client_id` int(11) NOT NULL,
  `invoice_id` int(11) NOT NULL,
  `date` date NOT NULL,
  `amount` decimal(9,2) NOT NULL,
  `payment_method` tinyint(4) NOT NULL,
  PRIMARY KEY (`payment_id`),
  KEY `fk_client_id_idx` (`client_id`),
  KEY `fk_invoice_id_idx` (`invoice_id`),
  KEY `fk_payment_payment_method_idx` (`payment_method`),
  CONSTRAINT `fk_payment_client` FOREIGN KEY (`client_id`) REFERENCES `clients` (`client_id`) ON UPDATE CASCADE,
  CONSTRAINT `fk_payment_invoice` FOREIGN KEY (`invoice_id`) REFERENCES `invoices` (`invoice_id`) ON UPDATE CASCADE,
  CONSTRAINT `fk_payment_payment_method` FOREIGN KEY (`payment_method`) REFERENCES `payment_methods` (`payment_method_id`)
) ENGINE=InnoDB AUTO_INCREMENT=9 DEFAULT CHARSET=utf8mb4
2026-04-01T01:02:56.603509Z	   12 Query	SHOW WARNINGS
2026-04-01T01:02:56.604140Z	   12 Query	INSERT INTO `payments` VALUES (1,5,2,'2019-02-12',8.18,1)
2026-04-01T01:02:56.605806Z	   12 Query	INSERT INTO `payments` VALUES (2,1,6,'2019-01-03',74.55,1)
2026-04-01T01:02:56.606876Z	   12 Query	INSERT INTO `payments` VALUES (3,3,11,'2019-01-11',0.03,1)
2026-04-01T01:02:56.607932Z	   12 Query	INSERT INTO `payments` VALUES (4,5,13,'2019-01-26',87.44,1)
2026-04-01T01:02:56.609154Z	   12 Query	INSERT INTO `payments` VALUES (5,3,15,'2019-01-15',80.31,1)
2026-04-01T01:02:56.610497Z	   12 Query	INSERT INTO `payments` VALUES (6,3,17,'2019-01-15',68.10,1)
2026-04-01T01:02:56.611633Z	   12 Query	INSERT INTO `payments` VALUES (7,5,18,'2019-01-08',32.77,1)
2026-04-01T01:02:56.612637Z	   12 Query	INSERT INTO `payments` VALUES (8,5,18,'2019-01-08',10.00,2)
2026-04-01T01:02:56.613659Z	   12 Query	DROP DATABASE IF EXISTS `sql_store`
2026-04-01T01:02:56.614676Z	   12 Query	SHOW WARNINGS
2026-04-01T01:02:56.615406Z	   12 Query	CREATE DATABASE `sql_store`
2026-04-01T01:02:56.618168Z	   12 Query	USE `sql_store`
2026-04-01T01:02:56.618345Z	   12 Query	SELECT DATABASE()
2026-04-01T01:02:56.618801Z	   12 Query	CREATE TABLE `products` (
  `product_id` int(11) NOT NULL AUTO_INCREMENT,
  `name` varchar(50) NOT NULL,
  `quantity_in_stock` int(11) NOT NULL,
  `unit_price` decimal(4,2) NOT NULL,
  PRIMARY KEY (`product_id`)
) ENGINE=InnoDB AUTO_INCREMENT=11 DEFAULT CHARSET=utf8mb4
2026-04-01T01:02:56.628494Z	   12 Query	SHOW WARNINGS
2026-04-01T01:02:56.629157Z	   12 Query	INSERT INTO `products` VALUES (1,'Foam Dinner Plate',70,1.21)
2026-04-01T01:02:56.630666Z	   12 Query	INSERT INTO `products` VALUES (2,'Pork - Bacon,back Peameal',49,4.65)
2026-04-01T01:02:56.632018Z	   12 Query	INSERT INTO `products` VALUES (3,'Lettuce - Romaine, Heart',38,3.35)
2026-04-01T01:02:56.633181Z	   12 Query	INSERT INTO `products` VALUES (4,'Brocolinni - Gaylan, Chinese',90,4.53)
2026-04-01T01:02:56.634227Z	   12 Query	INSERT INTO `products` VALUES (5,'Sauce - Ranch Dressing',94,1.63)
2026-04-01T01:02:56.635365Z	   12 Query	INSERT INTO `products` VALUES (6,'Petit Baguette',14,2.39)
2026-04-01T01:02:56.636402Z	   12 Query	INSERT INTO `products` VALUES (7,'Sweet Pea Sprouts',98,3.29)
2026-04-01T01:02:56.637500Z	   12 Query	INSERT INTO `products` VALUES (8,'Island Oasis - Raspberry',26,0.74)
2026-04-01T01:02:56.638622Z	   12 Query	INSERT INTO `products` VALUES (9,'Longan',67,2.26)
2026-04-01T01:02:56.639895Z	   12 Query	INSERT INTO `products` VALUES (10,'Broom - Push',6,1.09)
2026-04-01T01:02:56.640912Z	   12 Query	CREATE TABLE `shippers` (
  `shipper_id` smallint(6) NOT NULL AUTO_INCREMENT,
  `name` varchar(50) NOT NULL,
  PRIMARY KEY (`shipper_id`)
) ENGINE=InnoDB AUTO_INCREMENT=6 DEFAULT CHARSET=utf8mb4
2026-04-01T01:02:56.647300Z	   12 Query	SHOW WARNINGS
2026-04-01T01:02:56.647898Z	   12 Query	INSERT INTO `shippers` VALUES (1,'Hettinger LLC')
2026-04-01T01:02:56.649857Z	   12 Query	INSERT INTO `shippers` VALUES (2,'Schinner-Predovic')
2026-04-01T01:02:56.653009Z	   12 Query	INSERT INTO `shippers` VALUES (3,'Satterfield LLC')
2026-04-01T01:02:56.654318Z	   12 Query	INSERT INTO `shippers` VALUES (4,'Mraz, Renner and Nolan')
2026-04-01T01:02:56.655325Z	   12 Query	INSERT INTO `shippers` VALUES (5,'Waters, Mayert and Prohaska')
2026-04-01T01:02:56.656521Z	   12 Query	CREATE TABLE `customers` (
  `customer_id` int(11) NOT NULL AUTO_INCREMENT,
  `first_name` varchar(50) NOT NULL,
  `last_name` varchar(50) NOT NULL,
  `birth_date` date DEFAULT NULL,
  `phone` varchar(50) DEFAULT NULL,
  `address` varchar(50) NOT NULL,
  `city` varchar(50) NOT NULL,
  `state` char(2) NOT NULL,
  `points` int(11) NOT NULL DEFAULT '0',
  PRIMARY KEY (`customer_id`)
) ENGINE=InnoDB AUTO_INCREMENT=11 DEFAULT CHARSET=utf8mb4
2026-04-01T01:02:56.664291Z	   12 Query	SHOW WARNINGS
2026-04-01T01:02:56.665081Z	   12 Query	INSERT INTO `customers` VALUES (1,'Babara','MacCaffrey','1986-03-28','781-932-9754','0 Sage Terrace','Waltham','MA',2273)
2026-04-01T01:02:56.668383Z	   12 Query	INSERT INTO `customers` VALUES (2,'Ines','Brushfield','1986-04-13','804-427-9456','14187 Commercial Trail','Hampton','VA',947)
2026-04-01T01:02:56.669920Z	   12 Query	INSERT INTO `customers` VALUES (3,'Freddi','Boagey','1985-02-07','719-724-7869','251 Springs Junction','Colorado Springs','CO',2967)
2026-04-01T01:02:56.671953Z	   12 Query	INSERT INTO `customers` VALUES (4,'Ambur','Roseburgh','1974-04-14','407-231-8017','30 Arapahoe Terrace','Orlando','FL',457)
2026-04-01T01:02:56.674345Z	   12 Query	INSERT INTO `customers` VALUES (5,'Clemmie','Betchley','1973-11-07',NULL,'5 Spohn Circle','Arlington','TX',3675)
2026-04-01T01:02:56.676039Z	   12 Query	INSERT INTO `customers` VALUES (6,'Elka','Twiddell','1991-09-04','312-480-8498','7 Manley Drive','Chicago','IL',3073)
2026-04-01T01:02:56.680864Z	   12 Query	INSERT INTO `customers` VALUES (7,'Ilene','Dowson','1964-08-30','615-641-4759','50 Lillian Crossing','Nashville','TN',1672)
2026-04-01T01:02:56.684368Z	   12 Query	INSERT INTO `customers` VALUES (8,'Thacher','Naseby','1993-07-17','941-527-3977','538 Mosinee Center','Sarasota','FL',205)
2026-04-01T01:02:56.686442Z	   12 Query	INSERT INTO `customers` VALUES (9,'Romola','Rumgay','1992-05-23','559-181-3744','3520 Ohio Trail','Visalia','CA',1486)
2026-04-01T01:02:56.689123Z	   12 Query	INSERT INTO `customers` VALUES (10,'Levy','Mynett','1969-10-13','404-246-3370','68 Lawn Avenue','Atlanta','GA',796)
2026-04-01T01:02:56.690953Z	   12 Query	CREATE TABLE `order_statuses` (
  `order_status_id` tinyint(4) NOT NULL,
  `name` varchar(50) NOT NULL,
  PRIMARY KEY (`order_status_id`)
) ENGINE=InnoDB DEFAULT CHARSET=utf8mb4
2026-04-01T01:02:56.709455Z	   12 Query	SHOW WARNINGS
2026-04-01T01:02:56.710067Z	   12 Query	INSERT INTO `order_statuses` VALUES (1,'Processed')
2026-04-01T01:02:56.712607Z	   12 Query	INSERT INTO `order_statuses` VALUES (2,'Shipped')
2026-04-01T01:02:56.715642Z	   12 Query	INSERT INTO `order_statuses` VALUES (3,'Delivered')
2026-04-01T01:02:56.718299Z	   12 Query	CREATE TABLE `orders` (
  `order_id` int(11) NOT NULL AUTO_INCREMENT,
  `customer_id` int(11) NOT NULL,
  `order_date` date NOT NULL,
  `status` tinyint(4) NOT NULL DEFAULT '1',
  `comments` varchar(2000) DEFAULT NULL,
  `shipped_date` date DEFAULT NULL,
  `shipper_id` smallint(6) DEFAULT NULL,
  PRIMARY KEY (`order_id`),
  KEY `fk_orders_customers_idx` (`customer_id`),
  KEY `fk_orders_shippers_idx` (`shipper_id`),
  KEY `fk_orders_order_statuses_idx` (`status`),
  CONSTRAINT `fk_orders_customers` FOREIGN KEY (`customer_id`) REFERENCES `customers` (`customer_id`) ON UPDATE CASCADE,
  CONSTRAINT `fk_orders_order_statuses` FOREIGN KEY (`status`) REFERENCES `order_statuses` (`order_status_id`) ON UPDATE CASCADE,
  CONSTRAINT `fk_orders_shippers` FOREIGN KEY (`shipper_id`) REFERENCES `shippers` (`shipper_id`) ON UPDATE CASCADE
) ENGINE=InnoDB AUTO_INCREMENT=11 DEFAULT CHARSET=utf8mb4
2026-04-01T01:02:56.733426Z	   12 Query	SHOW WARNINGS
2026-04-01T01:02:56.734065Z	   12 Query	INSERT INTO `orders` VALUES (1,6,'2019-01-30',1,NULL,NULL,NULL)
2026-04-01T01:02:56.736089Z	   12 Query	INSERT INTO `orders` VALUES (2,7,'2018-08-02',2,NULL,'2018-08-03',4)
2026-04-01T01:02:56.737632Z	   12 Query	INSERT INTO `orders` VALUES (3,8,'2017-12-01',1,NULL,NULL,NULL)
2026-04-01T01:02:56.739081Z	   12 Query	INSERT INTO `orders` VALUES (4,2,'2017-01-22',1,NULL,NULL,NULL)
2026-04-01T01:02:56.740543Z	   12 Query	INSERT INTO `orders` VALUES (5,5,'2017-08-25',2,'','2017-08-26',3)
2026-04-01T01:02:56.741690Z	   12 Query	INSERT INTO `orders` VALUES (6,10,'2018-11-18',1,'Aliquam erat volutpat. In congue.',NULL,NULL)
2026-04-01T01:02:56.742987Z	   12 Query	INSERT INTO `orders` VALUES (7,2,'2018-09-22',2,NULL,'2018-09-23',4)
2026-04-01T01:02:56.744157Z	   12 Query	INSERT INTO `orders` VALUES (8,5,'2018-06-08',1,'Mauris enim leo, rhoncus sed, vestibulum sit amet, cursus id, turpis.',NULL,NULL)
2026-04-01T01:02:56.745358Z	   12 Query	INSERT INTO `orders` VALUES (9,10,'2017-07-05',2,'Nulla mollis molestie lorem. Quisque ut erat.','2017-07-06',1)
2026-04-01T01:02:56.746560Z	   12 Query	INSERT INTO `orders` VALUES (10,6,'2018-04-22',2,NULL,'2018-04-23',2)
2026-04-01T01:02:56.748003Z	   12 Query	CREATE TABLE `order_items` (
  `order_id` int(11) NOT NULL AUTO_INCREMENT,
  `product_id` int(11) NOT NULL,
  `quantity` int(11) NOT NULL,
  `unit_price` decimal(4,2) NOT NULL,
  PRIMARY KEY (`order_id`,`product_id`),
  KEY `fk_order_items_products_idx` (`product_id`),
  CONSTRAINT `fk_order_items_orders` FOREIGN KEY (`order_id`) REFERENCES `orders` (`order_id`) ON UPDATE CASCADE,
  CONSTRAINT `fk_order_items_products` FOREIGN KEY (`product_id`) REFERENCES `products` (`product_id`) ON UPDATE CASCADE
) ENGINE=InnoDB AUTO_INCREMENT=11 DEFAULT CHARSET=utf8mb4
2026-04-01T01:02:56.759703Z	   12 Query	SHOW WARNINGS
2026-04-01T01:02:56.760339Z	   12 Query	INSERT INTO `order_items` VALUES (1,4,4,3.74)
2026-04-01T01:02:56.761806Z	   12 Query	INSERT INTO `order_items` VALUES (2,1,2,9.10)
2026-04-01T01:02:56.762984Z	   12 Query	INSERT INTO `order_items` VALUES (2,4,4,1.66)
2026-04-01T01:02:56.763991Z	   12 Query	INSERT INTO `order_items` VALUES (2,6,2,2.94)
2026-04-01T01:02:56.765074Z	   12 Query	INSERT INTO `order_items` VALUES (3,3,10,9.12)
2026-04-01T01:02:56.768169Z	   12 Query	INSERT INTO `order_items` VALUES (4,3,7,6.99)
2026-04-01T01:02:56.769387Z	   12 Query	INSERT INTO `order_items` VALUES (4,10,7,6.40)
2026-04-01T01:02:56.770373Z	   12 Query	INSERT INTO `order_items` VALUES (5,2,3,9.89)
2026-04-01T01:02:56.771701Z	   12 Query	INSERT INTO `order_items` VALUES (6,1,4,8.65)
2026-04-01T01:02:56.772770Z	   12 Query	INSERT INTO `order_items` VALUES (6,2,4,3.28)
2026-04-01T01:02:56.773787Z	   12 Query	INSERT INTO `order_items` VALUES (6,3,4,7.46)
2026-04-01T01:02:56.775185Z	   12 Query	INSERT INTO `order_items` VALUES (6,5,1,3.45)
2026-04-01T01:02:56.776321Z	   12 Query	INSERT INTO `order_items` VALUES (7,3,7,9.17)
2026-04-01T01:02:56.777379Z	   12 Query	INSERT INTO `order_items` VALUES (8,5,2,6.94)
2026-04-01T01:02:56.778464Z	   12 Query	INSERT INTO `order_items` VALUES (8,8,2,8.59)
2026-04-01T01:02:56.779570Z	   12 Query	INSERT INTO `order_items` VALUES (9,6,5,7.28)
2026-04-01T01:02:56.780475Z	   12 Query	INSERT INTO `order_items` VALUES (10,1,10,6.01)
2026-04-01T01:02:56.781654Z	   12 Query	INSERT INTO `order_items` VALUES (10,9,9,4.28)
2026-04-01T01:02:56.782921Z	   12 Query	CREATE TABLE `sql_store`.`order_item_notes` (
  `note_id` INT NOT NULL,
  `order_Id` INT NOT NULL,
  `product_id` INT NOT NULL,
  `note` VARCHAR(255) NOT NULL,
  PRIMARY KEY (`note_id`))
2026-04-01T01:02:56.790127Z	   12 Query	INSERT INTO `order_item_notes` (`note_id`, `order_Id`, `product_id`, `note`) VALUES ('1', '1', '2', 'first note')
2026-04-01T01:02:56.792213Z	   12 Query	INSERT INTO `order_item_notes` (`note_id`, `order_Id`, `product_id`, `note`) VALUES ('2', '1', '2', 'second note')
2026-04-01T01:02:56.793428Z	   12 Query	DROP DATABASE IF EXISTS `sql_hr`
2026-04-01T01:02:56.794225Z	   12 Query	SHOW WARNINGS
2026-04-01T01:02:56.794720Z	   12 Query	CREATE DATABASE `sql_hr`
2026-04-01T01:02:56.796731Z	   12 Query	USE `sql_hr`
2026-04-01T01:02:56.796831Z	   12 Query	SELECT DATABASE()
2026-04-01T01:02:56.797190Z	   12 Query	CREATE TABLE `offices` (
  `office_id` int(11) NOT NULL,
  `address` varchar(50) NOT NULL,
  `city` varchar(50) NOT NULL,
  `state` varchar(50) NOT NULL,
  PRIMARY KEY (`office_id`)
) ENGINE=InnoDB DEFAULT CHARSET=utf8mb4
2026-04-01T01:02:56.806518Z	   12 Query	SHOW WARNINGS
2026-04-01T01:02:56.807073Z	   12 Query	INSERT INTO `offices` VALUES (1,'03 Reinke Trail','Cincinnati','OH')
2026-04-01T01:02:56.808414Z	   12 Query	INSERT INTO `offices` VALUES (2,'5507 Becker Terrace','New York City','NY')
2026-04-01T01:02:56.810946Z	   12 Query	INSERT INTO `offices` VALUES (3,'54 Northland Court','Richmond','VA')
2026-04-01T01:02:56.812153Z	   12 Query	INSERT INTO `offices` VALUES (4,'08 South Crossing','Cincinnati','OH')
2026-04-01T01:02:56.813461Z	   12 Query	INSERT INTO `offices` VALUES (5,'553 Maple Drive','Minneapolis','MN')
2026-04-01T01:02:56.814544Z	   12 Query	INSERT INTO `offices` VALUES (6,'23 North Plaza','Aurora','CO')
2026-04-01T01:02:56.815748Z	   12 Query	INSERT INTO `offices` VALUES (7,'9658 Wayridge Court','Boise','ID')
2026-04-01T01:02:56.816729Z	   12 Query	INSERT INTO `offices` VALUES (8,'9 Grayhawk Trail','New York City','NY')
2026-04-01T01:02:56.817753Z	   12 Query	INSERT INTO `offices` VALUES (9,'16862 Westend Hill','Knoxville','TN')
2026-04-01T01:02:56.819020Z	   12 Query	INSERT INTO `offices` VALUES (10,'4 Bluestem Parkway','Savannah','GA')
2026-04-01T01:02:56.820412Z	   12 Query	CREATE TABLE `employees` (
  `employee_id` int(11) NOT NULL,
  `first_name` varchar(50) NOT NULL,
  `last_name` varchar(50) NOT NULL,
  `job_title` varchar(50) NOT NULL,
  `salary` int(11) NOT NULL,
  `reports_to` int(11) DEFAULT NULL,
  `office_id` int(11) NOT NULL,
  PRIMARY KEY (`employee_id`),
  KEY `fk_employees_offices_idx` (`office_id`),
  KEY `fk_employees_employees_idx` (`reports_to`),
  CONSTRAINT `fk_employees_managers` FOREIGN KEY (`reports_to`) REFERENCES `employees` (`employee_id`),
  CONSTRAINT `fk_employees_offices` FOREIGN KEY (`office_id`) REFERENCES `offices` (`office_id`) ON UPDATE CASCADE
) ENGINE=InnoDB DEFAULT CHARSET=utf8mb4
2026-04-01T01:02:56.835404Z	   12 Query	SHOW WARNINGS
2026-04-01T01:02:56.836001Z	   12 Query	INSERT INTO `employees` VALUES (37270,'Yovonnda','Magrannell','Executive Secretary',63996,NULL,10)
2026-04-01T01:02:56.837520Z	   12 Query	INSERT INTO `employees` VALUES (33391,'D\'arcy','Nortunen','Account Executive',62871,37270,1)
2026-04-01T01:02:56.838571Z	   12 Query	INSERT INTO `employees` VALUES (37851,'Sayer','Matterson','Statistician III',98926,37270,1)
2026-04-01T01:02:56.839628Z	   12 Query	INSERT INTO `employees` VALUES (40448,'Mindy','Crissil','Staff Scientist',94860,37270,1)
2026-04-01T01:02:56.840832Z	   12 Query	INSERT INTO `employees` VALUES (56274,'Keriann','Alloisi','VP Marketing',110150,37270,1)
2026-04-01T01:02:56.842568Z	   12 Query	INSERT INTO `employees` VALUES (63196,'Alaster','Scutchin','Assistant Professor',32179,37270,2)
2026-04-01T01:02:56.843718Z	   12 Query	INSERT INTO `employees` VALUES (67009,'North','de Clerc','VP Product Management',114257,37270,2)
2026-04-01T01:02:56.844802Z	   12 Query	INSERT INTO `employees` VALUES (67370,'Elladine','Rising','Social Worker',96767,37270,2)
2026-04-01T01:02:56.845877Z	   12 Query	INSERT INTO `employees` VALUES (68249,'Nisse','Voysey','Financial Advisor',52832,37270,2)
2026-04-01T01:02:56.846880Z	   12 Query	INSERT INTO `employees` VALUES (72540,'Guthrey','Iacopetti','Office Assistant I',117690,37270,3)
2026-04-01T01:02:56.847985Z	   12 Query	INSERT INTO `employees` VALUES (72913,'Kass','Hefferan','Computer Systems Analyst IV',96401,37270,3)
2026-04-01T01:02:56.848979Z	   12 Query	INSERT INTO `employees` VALUES (75900,'Virge','Goodrum','Information Systems Manager',54578,37270,3)
2026-04-01T01:02:56.850408Z	   12 Query	INSERT INTO `employees` VALUES (76196,'Mirilla','Janowski','Cost Accountant',119241,37270,3)
2026-04-01T01:02:56.851845Z	   12 Query	INSERT INTO `employees` VALUES (80529,'Lynde','Aronson','Junior Executive',77182,37270,4)
2026-04-01T01:02:56.852927Z	   12 Query	INSERT INTO `employees` VALUES (80679,'Mildrid','Sokale','Geologist II',67987,37270,4)
2026-04-01T01:02:56.853904Z	   12 Query	INSERT INTO `employees` VALUES (84791,'Hazel','Tarbert','General Manager',93760,37270,4)
2026-04-01T01:02:56.855127Z	   12 Query	INSERT INTO `employees` VALUES (95213,'Cole','Kesterton','Pharmacist',86119,37270,4)
2026-04-01T01:02:56.856231Z	   12 Query	INSERT INTO `employees` VALUES (96513,'Theresa','Binney','Food Chemist',47354,37270,5)
2026-04-01T01:02:56.857422Z	   12 Query	INSERT INTO `employees` VALUES (98374,'Estrellita','Daleman','Staff Accountant IV',70187,37270,5)
2026-04-01T01:02:56.858424Z	   12 Query	INSERT INTO `employees` VALUES (115357,'Ivy','Fearey','Structural Engineer',92710,37270,5)
2026-04-01T01:02:56.859477Z	   12 Query	DROP DATABASE IF EXISTS `sql_inventory`
2026-04-01T01:02:56.860180Z	   12 Query	SHOW WARNINGS
2026-04-01T01:02:56.860681Z	   12 Query	CREATE DATABASE `sql_inventory`
2026-04-01T01:02:56.862493Z	   12 Query	USE `sql_inventory`
2026-04-01T01:02:56.862598Z	   12 Query	SELECT DATABASE()
2026-04-01T01:02:56.862996Z	   12 Query	CREATE TABLE `products` (
  `product_id` int(11) NOT NULL AUTO_INCREMENT,
  `name` varchar(50) NOT NULL,
  `quantity_in_stock` int(11) NOT NULL,
  `unit_price` decimal(4,2) NOT NULL,
  PRIMARY KEY (`product_id`)
) ENGINE=InnoDB AUTO_INCREMENT=11 DEFAULT CHARSET=utf8mb4
2026-04-01T01:02:56.870663Z	   12 Query	SHOW WARNINGS
2026-04-01T01:02:56.871284Z	   12 Query	INSERT INTO `products` VALUES (1,'Foam Dinner Plate',70,1.21)
2026-04-01T01:02:56.874584Z	   12 Query	INSERT INTO `products` VALUES (2,'Pork - Bacon,back Peameal',49,4.65)
2026-04-01T01:02:56.875987Z	   12 Query	INSERT INTO `products` VALUES (3,'Lettuce - Romaine, Heart',38,3.35)
2026-04-01T01:02:56.876987Z	   12 Query	INSERT INTO `products` VALUES (4,'Brocolinni - Gaylan, Chinese',90,4.53)
2026-04-01T01:02:56.878049Z	   12 Query	INSERT INTO `products` VALUES (5,'Sauce - Ranch Dressing',94,1.63)
2026-04-01T01:02:56.879126Z	   12 Query	INSERT INTO `products` VALUES (6,'Petit Baguette',14,2.39)
2026-04-01T01:02:56.880290Z	   12 Query	INSERT INTO `products` VALUES (7,'Sweet Pea Sprouts',98,3.29)
2026-04-01T01:02:56.882950Z	   12 Query	INSERT INTO `products` VALUES (8,'Island Oasis - Raspberry',26,0.74)
2026-04-01T01:02:56.884231Z	   12 Query	INSERT INTO `products` VALUES (9,'Longan',67,2.26)
2026-04-01T01:02:56.886051Z	   12 Query	INSERT INTO `products` VALUES (10,'Broom - Push',6,1.09)
2026-04-01T01:02:56.887209Z	   12 Query	SET GLOBAL general_log = 'ON'
2026-04-01T01:02:56.887547Z	   12 Query	SHOW VARIABLES LIKE 'general_log_file'
2026-04-01T01:02:56.893313Z	   12 Query	select * FROM sql_invoicing.clients
LIMIT 0, 1000
2026-04-01T01:02:56.896990Z	   11 Query	SHOW INDEX FROM `sql_invoicing`.`clients`
2026-04-01T01:07:01.386193Z	   12 Query	INSERT INTO sql_invoicing.clients
(client_id, name, address, city, state, phone)
VALUES 
(6, 'TestClient', '123 Test Street', 'TestCity', 'TC', '999-999-9999')
2026-04-01T01:15:37.173901Z	   12 Query	UPDATE sql_invoicing.clients
SET city = 'UpdatedCity'
WHERE name = 'TestClient'
2026-04-01T01:16:32.693318Z	   12 Query	UPDATE sql_invoicing.clients
SET city = 'UpdatedCity'
WHERE client_id = '6'
2026-04-01T01:18:30.780478Z	   12 Query	DELETE FROM sql_invoicing.clients
WHERE client_id = '6'
2026-04-01T01:51:32.796350Z	   12 Query	SHOW VARIABLES LIKE 'general_log_file'
2026-04-01T01:51:32.803990Z	   11 Query	SELECT st.* FROM performance_schema.events_statements_current st JOIN performance_schema.threads thr ON thr.thread_id = st.thread_id WHERE thr.processlist_id = 12
2026-04-01T01:51:32.804345Z	   11 Query	SELECT st.* FROM performance_schema.events_stages_history_long st WHERE st.nesting_event_id = 518
2026-04-01T01:51:32.804421Z	   11 Query	SELECT st.* FROM performance_schema.events_waits_history_long st WHERE st.nesting_event_id = 518
2026-04-01T02:33:52.915627Z	   12 Query	SELECT * FROM sql_invoicing.clients
LIMIT 0, 1000
2026-04-01T02:33:52.921181Z	   11 Query	SELECT st.* FROM performance_schema.events_statements_current st JOIN performance_schema.threads thr ON thr.thread_id = st.thread_id WHERE thr.processlist_id = 12
2026-04-01T02:33:52.921857Z	   11 Query	SELECT st.* FROM performance_schema.events_stages_history_long st WHERE st.nesting_event_id = 524
2026-04-01T02:33:52.921978Z	   11 Query	SELECT st.* FROM performance_schema.events_waits_history_long st WHERE st.nesting_event_id = 524
2026-04-01T02:33:52.922375Z	   11 Query	SHOW INDEX FROM `sql_invoicing`.`clients`
2026-04-01T02:34:52.848994Z	   12 Query	DELETE FROM sql_invoicing.clients WHERE client_id = 1

Query SELECT * FROM orders
Query UPDATE orders SET amount = 0
Query DELETE FROM orders